<?xml version="1.0" encoding="UTF-8"?>
<!-- Generated by org.testng.reporters.JUnitXMLReporter -->
<testsuite ignored="4" hostname="DESKTOP-SE3VGIS" failures="0" tests="1" name="Default test" time="0.2" errors="0" timestamp="2024-05-22T17:17:59 IST">
  <testcase classname="programmingLogics.ReverseString" name="swapChars" time="0.062"/>
  <testcase classname="programmingLogics.ReverseString" name="revString" time="0.0">
    <ignored/>
  </testcase> <!-- revString -->
  <testcase classname="programmingLogics.ReverseString" name="revStringWords" time="0.0">
    <ignored/>
  </testcase> <!-- revStringWords -->
  <testcase classname="programmingLogics.ReverseString" name="swap" time="0.0">
    <ignored/>
  </testcase> <!-- swap -->
  <testcase classname="programmingLogics.ReverseString" name="swapString" time="0.0">
    <ignored/>
  </testcase> <!-- swapString -->
</testsuite> <!-- Default test -->
